<?xml version="1.0" encoding="UTF-8"?>
<!-- Generated by org.testng.reporters.JUnitXMLReporter -->
<testsuite hostname="NBSP000E3J-TP" ignored="0" name="Test" tests="9" failures="0" timestamp="21 Nov 2020 18:26:57 GMT" time="123.057" errors="0">
  <testcase name="menuCheck" time="5.418" classname="org.activity6.menu.check.Activity6"/>
  <testcase name="gettingColor" time="6.26" classname="org.activity5.getting.colors.Activity5"/>
  <testcase name="WebsiteTitle" time="7.475" classname="org.activity1.website.title.Activity1"/>
  <testcase name="loginPage" time="6.152" classname="org.activity4.login.page.Activity4"/>
  <testcase name="headerImage" time="3.971" classname="org.activity2.header.image.Activity2"/>
  <testcase name="copyrightText" time="8.009" classname="org.activity3.copyright.text.Activity3"/>
  <testcase name="traverseTable" time="11.087" classname="org.activity9.test.Activity9"/>
  <testcase name="readInfo" time="17.243" classname="org.activity7.read.info.Activity7"/>
  <testcase name="traverseTable" time="11.261" classname="org.activity8.traverse.table.Activity8"/>
</testsuite> <!-- Test -->
