<?xml version="1.0" encoding="UTF-8"?>
<!-- Generated by org.testng.reporters.JUnitXMLReporter -->
<testsuite hostname="NBSP000E3J-TP" ignored="0" name="Test" tests="3" failures="0" timestamp="17 Nov 2020 03:28:42 GMT" time="0.055" errors="0">
  <testcase name="firstTestCase" time="0.01" classname="org.testNG.Activity4.DemoOne"/>
  <testcase name="secondTestCase" time="0.001" classname="org.testNG.Activity4.DemoOne"/>
  <testcase name="TestCase" time="0.001" classname="org.testNG.Activity4.DemoTwo"/>
</testsuite> <!-- Test -->
