<?xml version="1.0" encoding="UTF-8"?>
<testng-results skipped="0" failed="0" ignored="0" total="3" passed="3">
  <reporter-output>
  </reporter-output>
  <suite name="Suite" duration-ms="55" started-at="2020-11-17T03:28:42Z" finished-at="2020-11-17T03:28:42Z">
    <groups>
    </groups>
    <test name="Test" duration-ms="55" started-at="2020-11-17T03:28:42Z" finished-at="2020-11-17T03:28:42Z">
      <class name="org.testNG.Activity4.DemoOne">
        <test-method status="PASS" signature="firstTestCase()[pri:0, instance:org.testNG.Activity4.DemoOne@1bce4f0a]" name="firstTestCase" duration-ms="10" started-at="2020-11-17T03:28:42Z" finished-at="2020-11-17T03:28:42Z">
          <reporter-output>
          </reporter-output>
        </test-method> <!-- firstTestCase -->
        <test-method status="PASS" signature="secondTestCase()[pri:0, instance:org.testNG.Activity4.DemoOne@1bce4f0a]" name="secondTestCase" duration-ms="1" started-at="2020-11-17T03:28:42Z" finished-at="2020-11-17T03:28:42Z">
          <reporter-output>
          </reporter-output>
        </test-method> <!-- secondTestCase -->
      </class> <!-- org.testNG.Activity4.DemoOne -->
      <class name="org.testNG.Activity4.DemoTwo">
        <test-method status="PASS" signature="TestCase()[pri:0, instance:org.testNG.Activity4.DemoTwo@91161c7]" name="TestCase" duration-ms="1" started-at="2020-11-17T03:28:42Z" finished-at="2020-11-17T03:28:42Z">
          <reporter-output>
          </reporter-output>
        </test-method> <!-- TestCase -->
      </class> <!-- org.testNG.Activity4.DemoTwo -->
    </test> <!-- Test -->
  </suite> <!-- Suite -->
</testng-results>
